<?xml version="1.0" encoding="UTF-8"?>
<testng-results skipped="0" failed="0" ignored="0" total="0" passed="0">
  <reporter-output>
  </reporter-output>
  <suite name="Runners.TestRunner" duration-ms="15" started-at="2022-02-24T23:01:55Z" finished-at="2022-02-24T23:01:55Z">
    <groups>
    </groups>
    <test name="Command line test" duration-ms="15" started-at="2022-02-24T23:01:55Z" finished-at="2022-02-24T23:01:55Z">
    </test> <!-- Command line test -->
  </suite> <!-- Runners.TestRunner -->
</testng-results>
